<?xml version="1.0" encoding="UTF-8"?>
<testsuite xmlns:xsi="http://www.w3.org/2001/XMLSchema-instance" xsi:noNamespaceSchemaLocation="https://maven.apache.org/surefire/maven-surefire-plugin/xsd/surefire-test-report-3.0.xsd" version="3.0" name="com.prax.core.velocity.TokenManagerTest" time="0.497" tests="9" errors="0" skipped="0" failures="0">
  <properties>
[...]
</properties>
  <testcase name="testValidateNonExistentToken" classname="com.prax.core.velocity.TokenManagerTest" time="0.07">
    <system-err><![CDATA[SLF4J: No SLF4J providers were found.
SLF4J: Defaulting to no-operation (NOP) logger implementation
SLF4J: See https://www.slf4j.org/codes.html#noProviders for further details.
]]></system-err>
  </testcase>
  <testcase name="testDoNotCreateDuplicateToken" classname="com.prax.core.velocity.TokenManagerTest" time="0.36"/>
  <testcase name="testRemoveOneSessionDoesNotAffectOthers" classname="com.prax.core.velocity.TokenManagerTest" time="0.003"/>
  <testcase name="testRemoveSession" classname="com.prax.core.velocity.TokenManagerTest" time="0.002"/>
  <testcase name="testCleanupExpiredSessions" classname="com.prax.core.velocity.TokenManagerTest" time="0.006"/>
  <testcase name="testValidateToken" classname="com.prax.core.velocity.TokenManagerTest" time="0.004"/>
  <testcase name="testSessionExists" classname="com.prax.core.velocity.TokenManagerTest" time="0.002"/>
  <testcase name="testMultipleSessions" classname="com.prax.core.velocity.TokenManagerTest" time="0.009"/>
  <testcase name="testCreateAndStoreToken" classname="com.prax.core.velocity.TokenManagerTest" time="0.002"/>
</testsuite>