<?xml version="1.0" encoding="UTF-8"?>
<testsuite xmlns:xsi="http://www.w3.org/2001/XMLSchema-instance" xsi:noNamespaceSchemaLocation="https://maven.apache.org/surefire/maven-surefire-plugin/xsd/surefire-test-report-3.0.xsd" version="3.0" name="com.prax.core.PrimerTest" time="0.084" tests="3" errors="0" skipped="0" failures="0">
  <properties>
[...]
</properties>
  <testcase name="testUUID" classname="com.prax.core.PrimerTest" time="0.053"/>
  <testcase name="testBasico" classname="com.prax.core.PrimerTest" time="0.001"/>
  <testcase name="testStrings" classname="com.prax.core.PrimerTest" time="0.002"/>
</testsuite>