<?xml version="1.0" encoding="UTF-8"?>
<testsuite xmlns:xsi="http://www.w3.org/2001/XMLSchema-instance" xsi:noNamespaceSchemaLocation="https://maven.apache.org/surefire/maven-surefire-plugin/xsd/surefire-test-report-3.0.xsd" version="3.0" name="com.prax.core.PraxCorePluginAdvancedTest" time="3.612" tests="29" errors="0" skipped="0" failures="0">
  <properties>
[...]
</properties>
  <testcase name="testCompleteRegistrationAndLoginFlow" classname="com.prax.core.PraxCorePluginAdvancedTest" time="2.556">
    <system-err><![CDATA[WARNING: A Java agent has been loaded dynamically (/Users/mariano/.m2/repository/net/bytebuddy/byte-buddy-agent/1.14.15/byte-buddy-agent-1.14.15.jar)
WARNING: If a serviceability tool is in use, please run with -XX:+EnableDynamicAgentLoading to hide this warning
WARNING: If a serviceability tool is not in use, please run with -Djdk.instrument.traceUsage for more information
WARNING: Dynamic loading of agents will be disallowed by default in a future release
]]></system-err>
  </testcase>
  <testcase name="testSetAuthenticatedFalseClearsPending" classname="com.prax.core.PraxCorePluginAdvancedTest" time="0.011"/>
  <testcase name="testLoginTimeOverwrite" classname="com.prax.core.PraxCorePluginAdvancedTest" time="0.064"/>
  <testcase name="testLoginTimeWithSystemTimeManipulation" classname="com.prax.core.PraxCorePluginAdvancedTest" time="0.008"/>
  <testcase name="testAuthenticationThreadSafety" classname="com.prax.core.PraxCorePluginAdvancedTest" time="0.049"/>
  <testcase name="testFailedValidationThenSuccess" classname="com.prax.core.PraxCorePluginAdvancedTest" time="0.01"/>
  <testcase name="testMultiplePlayersWithDifferentAuthStates" classname="com.prax.core.PraxCorePluginAdvancedTest" time="0.009"/>
  <testcase name="testMassiveAuthenticationOperations" classname="com.prax.core.PraxCorePluginAdvancedTest" time="0.426"/>
  <testcase name="testDataManagerAvailability" classname="com.prax.core.PraxCorePluginAdvancedTest" time="0.006"/>
  <testcase name="testLoginTimeCurrentTime" classname="com.prax.core.PraxCorePluginAdvancedTest" time="0.028"/>
  <testcase name="testValidUUIDInInitialState" classname="com.prax.core.PraxCorePluginAdvancedTest" time="0.005"/>
  <testcase name="testMessageSendingDuringAuthFlow" classname="com.prax.core.PraxCorePluginAdvancedTest" time="0.026"/>
  <testcase name="testSessionExpiredAndRelogin" classname="com.prax.core.PraxCorePluginAdvancedTest" time="0.148"/>
  <testcase name="testSendLogoutRequest" classname="com.prax.core.PraxCorePluginAdvancedTest" time="0.015"/>
  <testcase name="testGetServerTypeValues" classname="com.prax.core.PraxCorePluginAdvancedTest" time="0.037"/>
  <testcase name="testMultipleLoginTimes" classname="com.prax.core.PraxCorePluginAdvancedTest" time="0.047"/>
  <testcase name="testSendCreateSessionAuthException" classname="com.prax.core.PraxCorePluginAdvancedTest" time="0.012">
    <system-err><![CDATA[java.lang.RuntimeException: Network error
	at com.prax.core.PraxCorePlugin.sendCreateSessionAuth(PraxCorePlugin.java:96)
	at com.prax.core.PraxCorePlugin.sendCreateSessionAuth(PraxCorePlugin.java:84)
	at com.prax.core.PraxCorePluginAdvancedTest.testSendCreateSessionAuthException(PraxCorePluginTest.java:425)
	at java.base/jdk.internal.reflect.DirectMethodHandleAccessor.invoke(DirectMethodHandleAccessor.java:103)
	at java.base/java.lang.reflect.Method.invoke(Method.java:580)
	at org.junit.platform.commons.util.ReflectionUtils.invokeMethod(ReflectionUtils.java:728)
	at org.junit.jupiter.engine.execution.MethodInvocation.proceed(MethodInvocation.java:60)
	at org.junit.jupiter.engine.execution.InvocationInterceptorChain$ValidatingInvocation.proceed(InvocationInterceptorChain.java:131)
	at org.junit.jupiter.engine.extension.TimeoutExtension.intercept(TimeoutExtension.java:156)
	at org.junit.jupiter.engine.extension.TimeoutExtension.interceptTestableMethod(TimeoutExtension.java:147)
	at org.junit.jupiter.engine.extension.TimeoutExtension.interceptTestMethod(TimeoutExtension.java:86)
	at org.junit.jupiter.engine.execution.InterceptingExecutableInvoker$ReflectiveInterceptorCall.lambda$ofVoidMethod$0(InterceptingExecutableInvoker.java:103)
	at org.junit.jupiter.engine.execution.InterceptingExecutableInvoker.lambda$invoke$0(InterceptingExecutableInvoker.java:93)
	at org.junit.jupiter.engine.execution.InvocationInterceptorChain$InterceptedInvocation.proceed(InvocationInterceptorChain.java:106)
	at org.junit.jupiter.engine.execution.InvocationInterceptorChain.proceed(InvocationInterceptorChain.java:64)
	at org.junit.jupiter.engine.execution.InvocationInterceptorChain.chainAndInvoke(InvocationInterceptorChain.java:45)
	at org.junit.jupiter.engine.execution.InvocationInterceptorChain.invoke(InvocationInterceptorChain.java:37)
	at org.junit.jupiter.engine.execution.InterceptingExecutableInvoker.invoke(InterceptingExecutableInvoker.java:92)
	at org.junit.jupiter.engine.execution.InterceptingExecutableInvoker.invoke(InterceptingExecutableInvoker.java:86)
	at org.junit.jupiter.engine.descriptor.TestMethodTestDescriptor.lambda$invokeTestMethod$7(TestMethodTestDescriptor.java:218)
	at org.junit.platform.engine.support.hierarchical.ThrowableCollector.execute(ThrowableCollector.java:73)
	at org.junit.jupiter.engine.descriptor.TestMethodTestDescriptor.invokeTestMethod(TestMethodTestDescriptor.java:214)
	at org.junit.jupiter.engine.descriptor.TestMethodTestDescriptor.execute(TestMethodTestDescriptor.java:139)
	at org.junit.jupiter.engine.descriptor.TestMethodTestDescriptor.execute(TestMethodTestDescriptor.java:69)
	at org.junit.platform.engine.support.hierarchical.NodeTestTask.lambda$executeRecursively$6(NodeTestTask.java:151)
	at org.junit.platform.engine.support.hierarchical.ThrowableCollector.execute(ThrowableCollector.java:73)
	at org.junit.platform.engine.support.hierarchical.NodeTestTask.lambda$executeRecursively$8(NodeTestTask.java:141)
	at org.junit.platform.engine.support.hierarchical.Node.around(Node.java:137)
	at org.junit.platform.engine.support.hierarchical.NodeTestTask.lambda$executeRecursively$9(NodeTestTask.java:139)
	at org.junit.platform.engine.support.hierarchical.ThrowableCollector.execute(ThrowableCollector.java:73)
	at org.junit.platform.engine.support.hierarchical.NodeTestTask.executeRecursively(NodeTestTask.java:138)
	at org.junit.platform.engine.support.hierarchical.NodeTestTask.execute(NodeTestTask.java:95)
	at java.base/java.util.ArrayList.forEach(ArrayList.java:1597)
	at org.junit.platform.engine.support.hierarchical.SameThreadHierarchicalTestExecutorService.invokeAll(SameThreadHierarchicalTestExecutorService.java:41)
	at org.junit.platform.engine.support.hierarchical.NodeTestTask.lambda$executeRecursively$6(NodeTestTask.java:155)
	at org.junit.platform.engine.support.hierarchical.ThrowableCollector.execute(ThrowableCollector.java:73)
	at org.junit.platform.engine.support.hierarchical.NodeTestTask.lambda$executeRecursively$8(NodeTestTask.java:141)
	at org.junit.platform.engine.support.hierarchical.Node.around(Node.java:137)
	at org.junit.platform.engine.support.hierarchical.NodeTestTask.lambda$executeRecursively$9(NodeTestTask.java:139)
	at org.junit.platform.engine.support.hierarchical.ThrowableCollector.execute(ThrowableCollector.java:73)
	at org.junit.platform.engine.support.hierarchical.NodeTestTask.executeRecursively(NodeTestTask.java:138)
	at org.junit.platform.engine.support.hierarchical.NodeTestTask.execute(NodeTestTask.java:95)
	at java.base/java.util.ArrayList.forEach(ArrayList.java:1597)
	at org.junit.platform.engine.support.hierarchical.SameThreadHierarchicalTestExecutorService.invokeAll(SameThreadHierarchicalTestExecutorService.java:41)
	at org.junit.platform.engine.support.hierarchical.NodeTestTask.lambda$executeRecursively$6(NodeTestTask.java:155)
	at org.junit.platform.engine.support.hierarchical.ThrowableCollector.execute(ThrowableCollector.java:73)
	at org.junit.platform.engine.support.hierarchical.NodeTestTask.lambda$executeRecursively$8(NodeTestTask.java:141)
	at org.junit.platform.engine.support.hierarchical.Node.around(Node.java:137)
	at org.junit.platform.engine.support.hierarchical.NodeTestTask.lambda$executeRecursively$9(NodeTestTask.java:139)
	at org.junit.platform.engine.support.hierarchical.ThrowableCollector.execute(ThrowableCollector.java:73)
	at org.junit.platform.engine.support.hierarchical.NodeTestTask.executeRecursively(NodeTestTask.java:138)
	at org.junit.platform.engine.support.hierarchical.NodeTestTask.execute(NodeTestTask.java:95)
	at org.junit.platform.engine.support.hierarchical.SameThreadHierarchicalTestExecutorService.submit(SameThreadHierarchicalTestExecutorService.java:35)
	at org.junit.platform.engine.support.hierarchical.HierarchicalTestExecutor.execute(HierarchicalTestExecutor.java:57)
	at org.junit.platform.engine.support.hierarchical.HierarchicalTestEngine.execute(HierarchicalTestEngine.java:54)
	at org.junit.platform.launcher.core.EngineExecutionOrchestrator.execute(EngineExecutionOrchestrator.java:198)
	at org.junit.platform.launcher.core.EngineExecutionOrchestrator.execute(EngineExecutionOrchestrator.java:169)
	at org.junit.platform.launcher.core.EngineExecutionOrchestrator.execute(EngineExecutionOrchestrator.java:93)
	at org.junit.platform.launcher.core.EngineExecutionOrchestrator.lambda$execute$0(EngineExecutionOrchestrator.java:58)
	at org.junit.platform.launcher.core.EngineExecutionOrchestrator.withInterceptedStreams(EngineExecutionOrchestrator.java:141)
	at org.junit.platform.launcher.core.EngineExecutionOrchestrator.execute(EngineExecutionOrchestrator.java:57)
	at org.junit.platform.launcher.core.DefaultLauncher.execute(DefaultLauncher.java:103)
	at org.junit.platform.launcher.core.DefaultLauncher.execute(DefaultLauncher.java:85)
	at org.junit.platform.launcher.core.DelegatingLauncher.execute(DelegatingLauncher.java:47)
	at org.apache.maven.surefire.junitplatform.LazyLauncher.execute(LazyLauncher.java:56)
	at org.apache.maven.surefire.junitplatform.JUnitPlatformProvider.execute(JUnitPlatformProvider.java:184)
	at org.apache.maven.surefire.junitplatform.JUnitPlatformProvider.invokeAllTests(JUnitPlatformProvider.java:148)
	at org.apache.maven.surefire.junitplatform.JUnitPlatformProvider.invoke(JUnitPlatformProvider.java:122)
	at org.apache.maven.surefire.booter.ForkedBooter.runSuitesInProcess(ForkedBooter.java:385)
	at org.apache.maven.surefire.booter.ForkedBooter.execute(ForkedBooter.java:162)
	at org.apache.maven.surefire.booter.ForkedBooter.run(ForkedBooter.java:507)
	at org.apache.maven.surefire.booter.ForkedBooter.main(ForkedBooter.java:495)
]]></system-err>
  </testcase>
  <testcase name="testMultipleAuthStateChanges" classname="com.prax.core.PraxCorePluginAdvancedTest" time="0.005"/>
  <testcase name="testSetAuthenticatedClearsPending" classname="com.prax.core.PraxCorePluginAdvancedTest" time="0.005"/>
  <testcase name="testRemoveLoginTimeNonExistent" classname="com.prax.core.PraxCorePluginAdvancedTest" time="0.008"/>
  <testcase name="testIdempotentOperations" classname="com.prax.core.PraxCorePluginAdvancedTest" time="0.008"/>
  <testcase name="testPendingValidationIndependent" classname="com.prax.core.PraxCorePluginAdvancedTest" time="0.007"/>
  <testcase name="testRemoveLoginTimeComplete" classname="com.prax.core.PraxCorePluginAdvancedTest" time="0.005"/>
  <testcase name="testSendRegisterRequest" classname="com.prax.core.PraxCorePluginAdvancedTest" time="0.009"/>
  <testcase name="testSendCreateSessionAuth" classname="com.prax.core.PraxCorePluginAdvancedTest" time="0.005"/>
  <testcase name="testSendCreateSessionAuthChannelNotRegistered" classname="com.prax.core.PraxCorePluginAdvancedTest" time="0.006"/>
  <testcase name="testMultipleConcurrentSessions" classname="com.prax.core.PraxCorePluginAdvancedTest" time="0.018"/>
  <testcase name="testSendValidateTokenMessage" classname="com.prax.core.PraxCorePluginAdvancedTest" time="0.005"/>
  <testcase name="testIsLobbyServerCaseInsensitive" classname="com.prax.core.PraxCorePluginAdvancedTest" time="0.005"/>
</testsuite>